<?xml version="1.0" encoding="UTF-8"?>
<!-- Generated by org.testng.reporters.JUnitXMLReporter -->
<testsuite ignored="12" hostname="LTIN251660" failures="0" tests="6" name="Test" time="196.521" errors="0" timestamp="2024-02-19T13:56:36 IST">
  <testcase classname="CASPROJECT.TC01" name="Login" time="10.702"/>
  <testcase classname="CASPROJECT.TC02" name="VerifyUser" time="1.213"/>
  <testcase classname="CASPROJECT.TC03" name="checkAcronym" time="39.562"/>
  <testcase classname="CASPROJECT.TC04" name="HomePageValidation" time="12.344"/>
  <testcase classname="CASPROJECT.TC05" name="validateInvestingHome" time="2.258"/>
  <testcase classname="CASPROJECT.TC06" name="stockValidation" time="110.681"/>
  <testcase classname="CASPROJECT.BasePage" name="@BeforeTest beforeClass" time="0.0">
    <ignored/>
  </testcase> <!-- @BeforeTest beforeClass -->
  <testcase classname="CASPROJECT.BasePage" name="@AfterTest afterClass" time="0.0">
    <ignored/>
  </testcase> <!-- @AfterTest afterClass -->
  <testcase classname="CASPROJECT.BasePage" name="@AfterTest afterClass" time="0.0">
    <ignored/>
  </testcase> <!-- @AfterTest afterClass -->
  <testcase classname="CASPROJECT.BasePage" name="@AfterTest afterClass" time="0.0">
    <ignored/>
  </testcase> <!-- @AfterTest afterClass -->
  <testcase classname="CASPROJECT.BasePage" name="@BeforeTest beforeClass" time="0.0">
    <ignored/>
  </testcase> <!-- @BeforeTest beforeClass -->
  <testcase classname="CASPROJECT.BasePage" name="@BeforeTest beforeClass" time="0.0">
    <ignored/>
  </testcase> <!-- @BeforeTest beforeClass -->
  <testcase classname="CASPROJECT.BasePage" name="@BeforeTest beforeClass" time="0.0">
    <ignored/>
  </testcase> <!-- @BeforeTest beforeClass -->
  <testcase classname="CASPROJECT.BasePage" name="@BeforeTest beforeClass" time="0.0">
    <ignored/>
  </testcase> <!-- @BeforeTest beforeClass -->
  <testcase classname="CASPROJECT.BasePage" name="@AfterTest afterClass" time="0.0">
    <ignored/>
  </testcase> <!-- @AfterTest afterClass -->
  <testcase classname="CASPROJECT.BasePage" name="@AfterTest afterClass" time="0.0">
    <ignored/>
  </testcase> <!-- @AfterTest afterClass -->
  <testcase classname="CASPROJECT.BasePage" name="@AfterTest afterClass" time="0.0">
    <ignored/>
  </testcase> <!-- @AfterTest afterClass -->
  <testcase classname="CASPROJECT.BasePage" name="@BeforeTest beforeClass" time="0.0">
    <ignored/>
  </testcase> <!-- @BeforeTest beforeClass -->
</testsuite> <!-- Test -->
