<?xml version="1.0" encoding="UTF-8"?>
<!-- Generated by org.testng.reporters.JUnitXMLReporter -->
<testsuite ignored="0" hostname="LTIN251660" failures="0" tests="6" name="Test1" time="65.764" errors="0" timestamp="2024-02-12T14:15:10 IST">
  <testcase classname="CASPROJECT.Test1" name="Login" time="0.017"/>
  <testcase classname="CASPROJECT.Test1" name="VerifyUser" time="0.668"/>
  <testcase classname="CASPROJECT.Test1" name="checkAcronym" time="26.383"/>
  <testcase classname="CASPROJECT.Test1" name="HomePageValidation" time="9.25"/>
  <testcase classname="CASPROJECT.Test1" name="validateInvestingHome" time="1.434"/>
  <testcase classname="CASPROJECT.Test1" name="stockValidation" time="1.303"/>
</testsuite> <!-- Test1 -->
